[2023-12-04 11:28:41,965] 21 root - INFO - Data ingestion started
[2023-12-04 11:28:42,203] 24 root - INFO - Read the Data from the csv file
[2023-12-04 11:28:43,010] 28 root - INFO - Created the raw data file
[2023-12-04 11:28:43,010] 30 root - INFO - Splitting the data into train and test
[2023-12-04 11:28:43,042] 32 root - INFO - Data Splitting is done
[2023-12-04 11:28:43,842] 36 root - INFO - Created the train and test data files
[2023-12-04 11:28:43,842] 37 root - INFO - Data ingestion completed
[2023-12-04 11:28:44,253] 72 root - INFO - read train and test data complete
[2023-12-04 11:28:44,269] 73 root - INFO - Train Dataframe Head : 
   Unnamed: 0    airline  flight source_city departure_time stops   arrival_time destination_city     class  duration  days_left  price
0       27131  Air_India  AI-506       Delhi        Morning   one  Early_Morning          Kolkata   Economy     19.75         40   7366
1      266857    Vistara  UK-706     Kolkata        Morning   one          Night           Mumbai  Business      9.83         42  64831
2      141228    Vistara  UK-772     Kolkata        Morning   one          Night        Bangalore   Economy     10.50         41   6195
3      288329    Vistara  UK-824     Chennai          Night   one        Morning            Delhi  Business     14.50         14  60160
4       97334  Air_India  AI-501   Bangalore      Afternoon   one          Night           Mumbai   Economy      8.25         20   6578
[2023-12-04 11:28:44,269] 74 root - INFO - Test Dataframe Head : 
   Unnamed: 0    airline   flight source_city departure_time        stops   arrival_time destination_city     class  duration  days_left  price
0      148417  Air_India   AI-424     Kolkata      Afternoon          one        Morning          Chennai   Economy     19.42          6  13524
1       36879     Indigo  6E-2193       Delhi      Afternoon  two_or_more          Night          Chennai   Economy      7.00         13   9940
2      274531  Air_India   AI-768     Kolkata      Afternoon          one      Afternoon          Chennai  Business     21.17         44  55983
3      166397    Vistara   UK-876   Hyderabad          Night          one  Early_Morning        Bangalore   Economy     10.25         11   7927
4      272722    Vistara   UK-774     Kolkata          Night          one          Night          Chennai  Business     26.50          5  55502
[2023-12-04 11:28:44,269] 26 root - INFO - Data Transformation initiated
[2023-12-04 11:28:44,269] 40 root - INFO - Pipeline Initiated
[2023-12-04 11:28:44,738] 92 root - INFO - Applying preprocessing object on training and testing datasets.
[2023-12-04 11:28:44,753] 102 root - INFO - preprocessing pickle file saved
