[2023-12-04 14:33:25,760] 21 root - INFO - Data ingestion started
[2023-12-04 14:33:26,035] 24 root - INFO - Read the Data from the csv file
[2023-12-04 14:33:26,736] 28 root - INFO - Created the raw data file
[2023-12-04 14:33:26,736] 30 root - INFO - Splitting the data into train and test
[2023-12-04 14:33:26,814] 32 root - INFO - Data Splitting is done
[2023-12-04 14:33:27,566] 36 root - INFO - Created the train and test data files
[2023-12-04 14:33:27,566] 37 root - INFO - Data ingestion completed
[2023-12-04 14:33:27,898] 72 root - INFO - read train and test data complete
[2023-12-04 14:33:27,898] 73 root - INFO - Train Dataframe Head : 
   Unnamed: 0    airline source_city departure_time stops   arrival_time destination_city    classs  duration  days_left  price
0       27131  Air_India       Delhi        Morning   one  Early_Morning          Kolkata   Economy     19.75         40   7366
1      266857    Vistara     Kolkata        Morning   one          Night           Mumbai  Business      9.83         42  64831
2      141228    Vistara     Kolkata        Morning   one          Night        Bangalore   Economy     10.50         41   6195
3      288329    Vistara     Chennai          Night   one        Morning            Delhi  Business     14.50         14  60160
4       97334  Air_India   Bangalore      Afternoon   one          Night           Mumbai   Economy      8.25         20   6578
[2023-12-04 14:33:27,898] 74 root - INFO - Test Dataframe Head : 
   Unnamed: 0    airline source_city departure_time        stops   arrival_time destination_city    classs  duration  days_left  price
0      148417  Air_India     Kolkata      Afternoon          one        Morning          Chennai   Economy     19.42          6  13524
1       36879     Indigo       Delhi      Afternoon  two_or_more          Night          Chennai   Economy      7.00         13   9940
2      274531  Air_India     Kolkata      Afternoon          one      Afternoon          Chennai  Business     21.17         44  55983
3      166397    Vistara   Hyderabad          Night          one  Early_Morning        Bangalore   Economy     10.25         11   7927
4      272722    Vistara     Kolkata          Night          one          Night          Chennai  Business     26.50          5  55502
[2023-12-04 14:33:27,898] 26 root - INFO - Data Transformation initiated
[2023-12-04 14:33:27,898] 40 root - INFO - Pipeline Initiated
[2023-12-04 14:33:27,898] 112 root - INFO - Exception occured in the initiate_datatransformation
